<?xml version="1.0" encoding="UTF-8"?>
<testng-results ignored="0" total="1" passed="1" failed="0" skipped="0">
  <reporter-output>
  </reporter-output>
  <suite started-at="2024-05-07T19:08:51 CEST" name="Default suite" finished-at="2024-05-07T19:09:14 CEST" duration-ms="23678">
    <groups>
    </groups>
    <test started-at="2024-05-07T19:08:51 CEST" name="Default test" finished-at="2024-05-07T19:09:14 CEST" duration-ms="23678">
      <class name="Test.empty_shopping_cart">
        <test-method is-config="true" signature="setUp()[pri:0, instance:Test.empty_shopping_cart@2c1b194a]" started-at="2024-05-07T19:08:51 CEST" name="setUp" finished-at="2024-05-07T19:09:05 CEST" duration-ms="14074" status="PASS">
          <reporter-output>
          </reporter-output>
        </test-method> <!-- setUp -->
        <test-method signature="emptyShoppingCart()[pri:0, instance:Test.empty_shopping_cart@2c1b194a]" started-at="2024-05-07T19:09:05 CEST" name="emptyShoppingCart" finished-at="2024-05-07T19:09:14 CEST" duration-ms="9200" status="PASS">
          <reporter-output>
          </reporter-output>
        </test-method> <!-- emptyShoppingCart -->
        <test-method is-config="true" signature="closeUp()[pri:0, instance:Test.empty_shopping_cart@2c1b194a]" started-at="2024-05-07T19:09:14 CEST" name="closeUp" finished-at="2024-05-07T19:09:14 CEST" duration-ms="339" status="PASS">
          <reporter-output>
          </reporter-output>
        </test-method> <!-- closeUp -->
      </class> <!-- Test.empty_shopping_cart -->
    </test> <!-- Default test -->
  </suite> <!-- Default suite -->
</testng-results>
