<?xml version="1.0" encoding="UTF-8"?>
<!-- Generated by org.testng.reporters.JUnitXMLReporter -->
<testsuite ignored="0" hostname="DESKTOP-M463AMS" failures="0" tests="5" name="Test" time="18.896" errors="0" timestamp="2024-05-07T17:34:41 CEST">
  <testcase classname="Test.dashboard" name="@BeforeMethod setUp" time="0.587">
    <failure type="java.lang.NullPointerException" message="Cannot invoke &amp;quot;com.microsoft.playwright.Page.screenshot(com.microsoft.playwright.Page$ScreenshotOptions)&amp;quot; because &amp;quot;this.page&amp;quot; is null">
      <![CDATA[java.lang.NullPointerException: Cannot invoke "com.microsoft.playwright.Page.screenshot(com.microsoft.playwright.Page$ScreenshotOptions)" because "this.page" is null
at Test.dashboard.setUp(dashboard.java:33)
at java.base/java.util.ArrayList.forEach(ArrayList.java:1511)
... Removed 31 stack frames]]>
    </failure>
  </testcase> <!-- @BeforeMethod setUp -->
  <testcase classname="Test.dashboard" name="@AfterMethod closeUp" time="0.0">
    <skipped/>
  </testcase> <!-- @AfterMethod closeUp -->
  <testcase classname="Test.shopping_cart" name="@BeforeMethod setUp" time="0.565">
    <failure type="java.lang.NullPointerException" message="Cannot invoke &amp;quot;com.microsoft.playwright.Page.screenshot(com.microsoft.playwright.Page$ScreenshotOptions)&amp;quot; because &amp;quot;this.page&amp;quot; is null">
      <![CDATA[java.lang.NullPointerException: Cannot invoke "com.microsoft.playwright.Page.screenshot(com.microsoft.playwright.Page$ScreenshotOptions)" because "this.page" is null
at Test.shopping_cart.setUp(shopping_cart.java:36)
at java.base/java.util.ArrayList.forEach(ArrayList.java:1511)
... Removed 31 stack frames]]>
    </failure>
  </testcase> <!-- @BeforeMethod setUp -->
  <testcase classname="Test.shopping_cart" name="@AfterMethod closeUp" time="0.0">
    <skipped/>
  </testcase> <!-- @AfterMethod closeUp -->
  <testcase classname="Test.empty_shopping_cart" name="@BeforeMethod setUp" time="0.636">
    <failure type="java.lang.NullPointerException" message="Cannot invoke &amp;quot;com.microsoft.playwright.Page.screenshot(com.microsoft.playwright.Page$ScreenshotOptions)&amp;quot; because &amp;quot;this.page&amp;quot; is null">
      <![CDATA[java.lang.NullPointerException: Cannot invoke "com.microsoft.playwright.Page.screenshot(com.microsoft.playwright.Page$ScreenshotOptions)" because "this.page" is null
at Test.empty_shopping_cart.setUp(empty_shopping_cart.java:30)
at java.base/java.util.ArrayList.forEach(ArrayList.java:1511)
... Removed 31 stack frames]]>
    </failure>
  </testcase> <!-- @BeforeMethod setUp -->
  <testcase classname="Test.empty_shopping_cart" name="@AfterMethod closeUp" time="0.0">
    <skipped/>
  </testcase> <!-- @AfterMethod closeUp -->
  <testcase classname="Test.register" name="valid_register" time="4.819"/>
  <testcase classname="Test.register" name="login" time="1.916"/>
  <testcase classname="Test.dashboard" name="dashboard_nav" time="0.0">
    <skipped/>
  </testcase> <!-- dashboard_nav -->
  <testcase classname="Test.shopping_cart" name="shoppingCart" time="0.0">
    <skipped/>
  </testcase> <!-- shoppingCart -->
  <testcase classname="Test.empty_shopping_cart" name="emptyShoppingCart" time="0.001">
    <skipped/>
  </testcase> <!-- emptyShoppingCart -->
</testsuite> <!-- Test -->
